<?xml version="1.0" encoding="UTF-8"?>
<testng-results ignored="0" total="5" passed="5" failed="0" skipped="0">
  <reporter-output>
  </reporter-output>
  <suite started-at="2022-05-20T06:01:05Z" name="TestSuite" finished-at="2022-05-20T06:01:40Z" duration-ms="35143">
    <groups>
      <group name="cucumber">
        <method signature="AbstractTestNGCucumberTests.runScenario(io.cucumber.testng.PickleWrapper, io.cucumber.testng.FeatureWrapper)[pri:0, instance:runner.TestRunner@548e6d58]" name="runScenario" class="io.cucumber.testng.AbstractTestNGCucumberTests"/>
      </group> <!-- cucumber -->
    </groups>
    <test started-at="2022-05-20T06:01:05Z" name="Regression Test" finished-at="2022-05-20T06:01:40Z" duration-ms="35143">
      <class name="runner.TestRunner">
        <test-method is-config="true" signature="setUpBrowser(java.lang.String)[pri:0, instance:runner.TestRunner@548e6d58]" started-at="2022-05-20T06:01:05Z" name="setUpBrowser" finished-at="2022-05-20T06:01:10Z" duration-ms="5288" status="PASS">
          <params>
            <param index="0">
              <value>
                <![CDATA[firefox]]>
              </value>
            </param>
          </params>
          <reporter-output>
          </reporter-output>
        </test-method> <!-- setUpBrowser -->
        <test-method is-config="true" signature="setUpClass(org.testng.ITestContext)[pri:0, instance:runner.TestRunner@548e6d58]" started-at="2022-05-20T06:01:10Z" name="setUpClass" finished-at="2022-05-20T06:01:11Z" duration-ms="907" status="PASS">
          <params>
            <param index="0">
              <value>
                <![CDATA[org.testng.TestRunner@2b0b7e5a]]>
              </value>
            </param>
          </params>
          <reporter-output>
          </reporter-output>
        </test-method> <!-- setUpClass -->
        <test-method signature="runScenario(io.cucumber.testng.PickleWrapper, io.cucumber.testng.FeatureWrapper)[pri:0, instance:runner.TestRunner@548e6d58]" started-at="2022-05-20T06:01:11Z" name="runScenario" description="Runs Cucumber Scenarios" data-provider="scenarios" finished-at="2022-05-20T06:01:24Z" duration-ms="13595" status="PASS">
          <params>
            <param index="0">
              <value>
                <![CDATA["Verify complete challenges functionality"]]>
              </value>
            </param>
            <param index="1">
              <value>
                <![CDATA["Complete challenges"]]>
              </value>
            </param>
          </params>
          <reporter-output>
          </reporter-output>
        </test-method> <!-- runScenario -->
        <test-method signature="runScenario(io.cucumber.testng.PickleWrapper, io.cucumber.testng.FeatureWrapper)[pri:0, instance:runner.TestRunner@548e6d58]" started-at="2022-05-20T06:01:25Z" name="runScenario" description="Runs Cucumber Scenarios" data-provider="scenarios" finished-at="2022-05-20T06:01:32Z" duration-ms="7535" status="PASS">
          <params>
            <param index="0">
              <value>
                <![CDATA["Verify complete challenges functionality"]]>
              </value>
            </param>
            <param index="1">
              <value>
                <![CDATA["Verify leaderboard"]]>
              </value>
            </param>
          </params>
          <reporter-output>
          </reporter-output>
        </test-method> <!-- runScenario -->
        <test-method signature="runScenario(io.cucumber.testng.PickleWrapper, io.cucumber.testng.FeatureWrapper)[pri:0, instance:runner.TestRunner@548e6d58]" started-at="2022-05-20T06:01:32Z" name="runScenario" description="Runs Cucumber Scenarios" data-provider="scenarios" finished-at="2022-05-20T06:01:34Z" duration-ms="2317" status="PASS">
          <params>
            <param index="0">
              <value>
                <![CDATA["Verify user is able to login successfully"]]>
              </value>
            </param>
            <param index="1">
              <value>
                <![CDATA["Login"]]>
              </value>
            </param>
          </params>
          <reporter-output>
          </reporter-output>
        </test-method> <!-- runScenario -->
        <test-method signature="runScenario(io.cucumber.testng.PickleWrapper, io.cucumber.testng.FeatureWrapper)[pri:0, instance:runner.TestRunner@548e6d58]" started-at="2022-05-20T06:01:34Z" name="runScenario" description="Runs Cucumber Scenarios" data-provider="scenarios" finished-at="2022-05-20T06:01:36Z" duration-ms="1278" status="PASS">
          <params>
            <param index="0">
              <value>
                <![CDATA["Verify if clicking on Register button displays the popup for SignUp"]]>
              </value>
            </param>
            <param index="1">
              <value>
                <![CDATA["SignUp"]]>
              </value>
            </param>
          </params>
          <reporter-output>
          </reporter-output>
        </test-method> <!-- runScenario -->
        <test-method signature="runScenario(io.cucumber.testng.PickleWrapper, io.cucumber.testng.FeatureWrapper)[pri:0, instance:runner.TestRunner@548e6d58]" started-at="2022-05-20T06:01:36Z" name="runScenario" description="Runs Cucumber Scenarios" data-provider="scenarios" finished-at="2022-05-20T06:01:38Z" duration-ms="2327" status="PASS">
          <params>
            <param index="0">
              <value>
                <![CDATA["Verify that user is able to signup successfully"]]>
              </value>
            </param>
            <param index="1">
              <value>
                <![CDATA["SignUp"]]>
              </value>
            </param>
          </params>
          <reporter-output>
          </reporter-output>
        </test-method> <!-- runScenario -->
        <test-method is-config="true" signature="tearDownClass()[pri:0, instance:runner.TestRunner@548e6d58]" started-at="2022-05-20T06:01:38Z" name="tearDownClass" finished-at="2022-05-20T06:01:38Z" duration-ms="134" status="PASS">
          <reporter-output>
          </reporter-output>
        </test-method> <!-- tearDownClass -->
        <test-method is-config="true" signature="closeBrowser()[pri:0, instance:runner.TestRunner@548e6d58]" started-at="2022-05-20T06:01:38Z" name="closeBrowser" finished-at="2022-05-20T06:01:40Z" duration-ms="1720" status="PASS">
          <reporter-output>
          </reporter-output>
        </test-method> <!-- closeBrowser -->
      </class> <!-- runner.TestRunner -->
    </test> <!-- Regression Test -->
  </suite> <!-- TestSuite -->
</testng-results>
