<?xml version="1.0" encoding="UTF-8"?>
<testng-results ignored="0" total="5" passed="5" failed="0" skipped="0">
  <reporter-output>
  </reporter-output>
  <suite started-at="2022-05-19T14:51:38Z" name="TestSuite" finished-at="2022-05-19T14:52:46Z" duration-ms="68864">
    <groups>
      <group name="cucumber">
        <method signature="AbstractTestNGCucumberTests.runScenario(io.cucumber.testng.PickleWrapper, io.cucumber.testng.FeatureWrapper)[pri:0, instance:runner.TestRunner@6e509ffa]" name="runScenario" class="io.cucumber.testng.AbstractTestNGCucumberTests"/>
      </group> <!-- cucumber -->
    </groups>
    <test started-at="2022-05-19T14:51:38Z" name="Regression Test" finished-at="2022-05-19T14:52:46Z" duration-ms="68864">
      <class name="runner.TestRunner">
        <test-method is-config="true" signature="setUpClass(org.testng.ITestContext)[pri:0, instance:runner.TestRunner@6e509ffa]" started-at="2022-05-19T14:51:38Z" name="setUpClass" finished-at="2022-05-19T14:51:41Z" duration-ms="3807" status="PASS">
          <params>
            <param index="0">
              <value>
                <![CDATA[org.testng.TestRunner@21bd128b]]>
              </value>
            </param>
          </params>
          <reporter-output>
          </reporter-output>
        </test-method> <!-- setUpClass -->
        <test-method signature="runScenario(io.cucumber.testng.PickleWrapper, io.cucumber.testng.FeatureWrapper)[pri:0, instance:runner.TestRunner@6e509ffa]" started-at="2022-05-19T14:51:41Z" name="runScenario" description="Runs Cucumber Scenarios" data-provider="scenarios" finished-at="2022-05-19T14:52:05Z" duration-ms="23465" status="PASS">
          <params>
            <param index="0">
              <value>
                <![CDATA["Verify complete challenges functionality"]]>
              </value>
            </param>
            <param index="1">
              <value>
                <![CDATA["Complete challenges"]]>
              </value>
            </param>
          </params>
          <reporter-output>
          </reporter-output>
        </test-method> <!-- runScenario -->
        <test-method signature="runScenario(io.cucumber.testng.PickleWrapper, io.cucumber.testng.FeatureWrapper)[pri:0, instance:runner.TestRunner@6e509ffa]" started-at="2022-05-19T14:52:05Z" name="runScenario" description="Runs Cucumber Scenarios" data-provider="scenarios" finished-at="2022-05-19T14:52:22Z" duration-ms="16694" status="PASS">
          <params>
            <param index="0">
              <value>
                <![CDATA["Verify complete challenges functionality"]]>
              </value>
            </param>
            <param index="1">
              <value>
                <![CDATA["Verify leaderboard"]]>
              </value>
            </param>
          </params>
          <reporter-output>
          </reporter-output>
        </test-method> <!-- runScenario -->
        <test-method signature="runScenario(io.cucumber.testng.PickleWrapper, io.cucumber.testng.FeatureWrapper)[pri:0, instance:runner.TestRunner@6e509ffa]" started-at="2022-05-19T14:52:22Z" name="runScenario" description="Runs Cucumber Scenarios" data-provider="scenarios" finished-at="2022-05-19T14:52:30Z" duration-ms="8247" status="PASS">
          <params>
            <param index="0">
              <value>
                <![CDATA["Verify user is able to login successfully"]]>
              </value>
            </param>
            <param index="1">
              <value>
                <![CDATA["Login"]]>
              </value>
            </param>
          </params>
          <reporter-output>
          </reporter-output>
        </test-method> <!-- runScenario -->
        <test-method signature="runScenario(io.cucumber.testng.PickleWrapper, io.cucumber.testng.FeatureWrapper)[pri:0, instance:runner.TestRunner@6e509ffa]" started-at="2022-05-19T14:52:30Z" name="runScenario" description="Runs Cucumber Scenarios" data-provider="scenarios" finished-at="2022-05-19T14:52:36Z" duration-ms="6092" status="PASS">
          <params>
            <param index="0">
              <value>
                <![CDATA["Verify if clicking on Register button displays the popup for SignUp"]]>
              </value>
            </param>
            <param index="1">
              <value>
                <![CDATA["SignUp"]]>
              </value>
            </param>
          </params>
          <reporter-output>
          </reporter-output>
        </test-method> <!-- runScenario -->
        <test-method signature="runScenario(io.cucumber.testng.PickleWrapper, io.cucumber.testng.FeatureWrapper)[pri:0, instance:runner.TestRunner@6e509ffa]" started-at="2022-05-19T14:52:36Z" name="runScenario" description="Runs Cucumber Scenarios" data-provider="scenarios" finished-at="2022-05-19T14:52:46Z" duration-ms="10155" status="PASS">
          <params>
            <param index="0">
              <value>
                <![CDATA["Verify that user is able to signup successfully"]]>
              </value>
            </param>
            <param index="1">
              <value>
                <![CDATA["SignUp"]]>
              </value>
            </param>
          </params>
          <reporter-output>
          </reporter-output>
        </test-method> <!-- runScenario -->
        <test-method is-config="true" signature="tearDownClass()[pri:0, instance:runner.TestRunner@6e509ffa]" started-at="2022-05-19T14:52:46Z" name="tearDownClass" finished-at="2022-05-19T14:52:46Z" duration-ms="304" status="PASS">
          <reporter-output>
          </reporter-output>
        </test-method> <!-- tearDownClass -->
      </class> <!-- runner.TestRunner -->
    </test> <!-- Regression Test -->
  </suite> <!-- TestSuite -->
</testng-results>
